[2015-11-21 20:33:39] START
[2015-11-21 20:33:39] EDIT BookMyFlight2/views/default/pay.html: 0
[2015-11-21 20:34:29] EDIT BookMyFlight2/views/default/pay.html: 0
[2015-11-21 21:15:06] EDIT BookMyFlight2/views/default/passengers_details.html: 0
[2015-11-21 21:16:21] EDIT BookMyFlight2/views/default/passengers_details.html: 0
[2015-11-21 21:17:09] EDIT BookMyFlight2/views/default/passengers_details.html: 0
[2015-11-21 21:19:08] EDIT BookMyFlight2/views/default/feedback.html: -19
[2015-11-21 21:20:05] EDIT BookMyFlight2/controllers/default.py: 5
[2015-11-21 21:20:37] EDIT BookMyFlight2/models/db.py: 3
[2015-11-21 21:31:09] EDIT BookMyFlight2/views/default/round_search.html: 0
[2015-11-21 21:31:37] EDIT BookMyFlight2/views/default/round_search.html: 0
[2015-11-21 21:31:48] EDIT BookMyFlight2/views/default/round_search.html: 0
[2015-11-21 21:32:14] EDIT BookMyFlight2/views/default/round_confirm.html: 0
[2015-11-22 00:48:59] EDIT BookMyFlight2/controllers/default.py: 0
[2015-11-22 00:49:29] EDIT BookMyFlight2/views/default/passengers_details.html: 0
[2015-11-22 00:49:34] EDIT BookMyFlight2/views/default/passengers_details.html: 0
[2015-11-22 00:50:34] EDIT BookMyFlight2/views/default/passengers_details.html: -17
[2015-11-22 00:51:52] EDIT BookMyFlight2/views/default/passengers_details.html: -1
[2015-11-22 00:52:44] EDIT BookMyFlight2/views/default/passengers_details.html: 0
[2015-11-22 00:53:16] EDIT BookMyFlight2/views/default/passengers_details.html: 1
[2015-11-22 01:22:22] EDIT finalflight/views/layout.html: 1
[2015-11-22 01:22:25] EDIT finalflight/views/layout.html: 1
[2015-11-22 01:22:29] EDIT finalflight/views/layout.html: 1
[2015-11-22 01:22:33] EDIT finalflight/views/layout.html: 1
[2015-11-22 01:22:42] EDIT finalflight/views/layout.html: 1
[2015-11-22 01:23:31] EDIT finalflight/views/layout.html: 0
[2015-11-22 01:23:34] EDIT finalflight/views/layout.html: 0
[2015-11-22 01:23:39] EDIT finalflight/views/layout.html: 1
[2015-11-22 01:23:43] EDIT finalflight/views/layout.html: 1
[2015-11-22 01:23:48] EDIT finalflight/views/layout.html: 1
[2015-11-22 01:23:51] EDIT finalflight/views/layout.html: 1
[2015-11-22 01:24:27] EDIT finalflight/views/layout.html: 0
[2015-11-22 01:24:31] EDIT finalflight/views/layout.html: 0
[2015-11-22 01:24:50] EDIT finalflight/views/layout.html.1: 1
[2015-11-22 01:24:55] EDIT finalflight/views/layout.html.1: 1
[2015-11-22 01:24:58] EDIT finalflight/views/layout.html.1: 1
[2015-11-22 01:25:01] EDIT finalflight/views/layout.html.1: 1
[2015-11-22 01:25:06] EDIT finalflight/views/layout.html.1: 1
[2015-11-22 01:25:37] EDIT finalflight/views/layout.html.1: 1
[2015-11-22 01:25:44] EDIT finalflight/views/layout.html.1: 1
[2015-11-22 01:25:47] EDIT finalflight/views/layout.html.1: 1
[2015-11-22 01:25:49] EDIT finalflight/views/layout.html.1: 1
[2015-11-22 01:25:58] EDIT finalflight/views/layout.html.1: 0
[2015-11-22 01:26:37] EDIT finalflight/views/layout2.html: 0
[2015-11-22 01:26:46] EDIT finalflight/views/layout2.html: 1
[2015-11-22 01:26:52] EDIT finalflight/views/layout2.html: 2
[2015-11-22 01:26:56] EDIT finalflight/views/layout2.html: 1
[2015-11-22 01:27:00] EDIT finalflight/views/layout2.html: 0
[2015-11-22 01:27:03] EDIT finalflight/views/layout2.html: 0
[2015-11-22 01:33:51] EDIT finalflight/views/layout.html: 1
[2015-11-22 01:34:27] EDIT finalflight/views/layout.html: 2
[2015-11-22 01:34:58] EDIT finalflight/views/layout.html: 0
[2015-11-22 01:35:02] EDIT finalflight/views/layout.html: 0
[2015-11-22 01:36:25] EDIT finalflight/views/layout.html: -9
[2015-11-22 01:37:04] EDIT finalflight/views/layout.html: 0
[2015-11-22 01:37:34] EDIT finalflight/views/layout.html.1: 1
[2015-11-22 01:37:55] EDIT finalflight/views/layout.html.1: 2
[2015-11-22 01:38:00] EDIT finalflight/views/layout.html.1: 0
[2015-11-22 01:38:06] EDIT finalflight/views/layout.html.1: 0
[2015-11-22 01:38:13] EDIT finalflight/views/layout.html.1: 0
[2015-11-22 01:41:13] EDIT finalflight/views/layout.html.1: -7
[2015-11-22 01:41:39] EDIT finalflight/views/layout.html: 8
[2015-11-22 01:41:57] EDIT finalflight/views/layout.html: -6
[2015-11-22 01:42:26] EDIT finalflight/views/layout.html: 0
[2015-11-22 01:42:59] EDIT finalflight/views/layout2.html: 0
[2015-11-22 01:43:13] EDIT finalflight/views/layout2.html: 0
[2015-11-22 01:43:33] EDIT finalflight/views/layout.html: 0
[2015-11-22 01:43:39] EDIT finalflight/views/layout.html: 0
[2015-11-22 01:43:51] EDIT finalflight/views/layout.html: 0
[2015-11-22 01:44:20] EDIT finalflight/views/layout.html.1: 0
[2015-11-22 01:47:01] EDIT finalflight/views/layout.html: 0
[2015-11-22 01:47:20] EDIT finalflight/views/layout.html: 0
[2015-11-22 01:47:29] EDIT finalflight/views/layout.html: 0
[2015-11-22 01:47:31] EDIT finalflight/views/layout.html: 0
[2015-11-22 01:48:40] EDIT finalflight/views/layout.html.1: 0
[2015-11-22 01:48:50] EDIT finalflight/views/layout.html.1: 0
[2015-11-22 01:49:00] EDIT finalflight/views/layout.html.1: 0
[2015-11-22 01:56:01] EDIT finalflight/controllers/default.py: 2
[2015-11-22 01:57:20] EDIT finalflight/controllers/default.py: -2
[2015-11-22 01:58:01] EDIT finalflight/controllers/default.py: -1
[2015-11-22 01:58:08] EDIT finalflight/controllers/default.py: 0
[2015-11-22 01:58:15] EDIT finalflight/controllers/default.py: 0
[2015-11-22 01:59:03] EDIT finalflight/controllers/default.py: 0
[2015-11-22 01:59:10] EDIT finalflight/controllers/default.py: 0
[2015-11-22 01:59:20] EDIT finalflight/controllers/default.py: 0
[2015-11-22 02:06:39] EDIT finalflight/controllers/default.py: 0
[2015-11-22 02:06:54] EDIT finalflight/controllers/default.py: 0
[2015-11-22 02:08:16] EDIT finalflight/controllers/default.py: 2
[2015-11-22 02:09:19] EDIT finalflight/models/db.py: -6
[2015-11-22 02:11:26] EDIT finalflight/controllers/default.py: 4
[2015-11-22 02:11:57] EDIT finalflight/views/default/add_flights.html: 0
[2015-11-22 02:12:24] CREATE default/view_feedback.html: 0
[2015-11-22 02:12:32] DELETE finalflight/views/default/feedback.html: -3
[2015-11-22 02:13:27] EDIT finalflight/views/default/view_feedback.html: 2
[2015-11-22 02:13:33] EDIT finalflight/views/default/view_feedback.html: -2
[2015-11-22 02:13:35] EDIT finalflight/views/default/view_feedback.html: 0
[2015-11-22 02:15:34] EDIT finalflight/views/layout2.html: 2
[2015-11-22 02:15:46] EDIT finalflight/views/layout2.html: 0
[2015-11-22 02:15:50] EDIT finalflight/views/layout2.html: 0
[2015-11-22 02:15:55] EDIT finalflight/views/layout2.html: 0
[2015-11-22 02:16:02] EDIT finalflight/views/layout2.html: 0
[2015-11-22 02:16:38] EDIT finalflight/controllers/default.py: 0
[2015-11-22 02:16:54] EDIT finalflight/controllers/default.py: 0
[2015-11-22 02:17:03] EDIT finalflight/controllers/default.py: 0
[2015-11-22 02:17:28] EDIT finalflight/controllers/default.py: 0
[2015-11-22 02:17:37] EDIT finalflight/controllers/default.py: -2
[2015-11-22 02:18:14] EDIT finalflight/controllers/default.py: 1
[2015-11-22 02:18:36] EDIT finalflight/controllers/default.py: 1
[2015-11-22 02:18:46] EDIT finalflight/controllers/default.py: -1
[2015-11-22 02:19:01] EDIT finalflight/controllers/default.py: 1
[2015-11-22 02:21:07] EDIT finalflight/controllers/default.py: -2
[2015-11-22 02:21:46] EDIT finalflight/controllers/default.py: 1
[2015-11-22 02:22:09] EDIT finalflight/controllers/default.py: 0
[2015-11-22 02:22:18] EDIT finalflight/controllers/default.py: 0
[2015-11-22 02:22:24] EDIT finalflight/controllers/default.py: 0
[2015-11-22 02:22:44] EDIT finalflight/controllers/default.py: 0
[2015-11-22 02:22:49] EDIT finalflight/controllers/default.py: 0
[2015-11-22 02:22:53] EDIT finalflight/controllers/default.py: 0
[2015-11-22 02:24:17] EDIT finalflight/views/layout2.html: 0
[2015-11-22 02:24:29] EDIT finalflight/views/layout2.html: 0
[2015-11-22 02:24:52] EDIT finalflight/views/layout2.html: 1
[2015-11-22 02:26:02] EDIT finalflight/views/default/view_feedback.html: 1
[2015-11-22 02:26:33] EDIT finalflight/views/layout2.html: 0
[2015-11-22 02:27:24] EDIT finalflight/views/default/view_feedback.html: -1
[2015-11-22 02:28:26] EDIT finalflight/controllers/default.py: 0
[2015-11-22 02:28:49] EDIT finalflight/controllers/default.py: 1
[2015-11-22 02:29:30] EDIT finalflight/views/layout2.html: 0
[2015-11-22 02:29:34] EDIT finalflight/views/layout2.html: 0
[2015-11-22 02:30:11] EDIT finalflight/views/layout.html: 1
[2015-11-22 02:30:30] EDIT finalflight/views/layout.html: 3
[2015-11-22 02:30:33] EDIT finalflight/views/layout.html: 0
[2015-11-22 02:31:15] EDIT finalflight/views/layout.html.1: 4
[2015-11-22 02:31:21] EDIT finalflight/views/layout.html.1: 0
[2015-11-22 02:37:52] EDIT finalflight/views/layout2.html: -1
[2015-11-22 02:38:07] EDIT finalflight/views/layout2.html: 1
[2015-11-22 02:38:12] EDIT finalflight/views/layout2.html: 0
[2015-11-22 02:38:20] EDIT finalflight/views/layout2.html: 0
[2015-11-22 02:39:35] EDIT finalflight/views/layout2.html: 0
[2015-11-22 02:40:01] EDIT finalflight/views/layout.html: 0
[2015-11-22 02:41:52] EDIT finalflight/views/default/add_new.html: 0
[2015-11-22 02:44:34] EDIT finalflight/views/layout2.html: 50
[2015-11-22 02:44:37] EDIT finalflight/views/layout2.html: 0
[2015-11-22 02:44:44] EDIT finalflight/views/layout2.html: 0
[2015-11-22 02:55:39] EDIT finalflight/views/layout2.html: 0
[2015-11-22 02:55:47] EDIT finalflight/views/layout2.html: 0
[2015-11-22 02:56:07] EDIT finalflight/views/layout.html: 0
[2015-11-22 02:56:32] EDIT finalflight/views/layout.html: 0
[2015-11-22 02:57:43] EDIT finalflight/views/layout.html: 0
[2015-11-22 02:58:01] EDIT finalflight/views/layout.html: 0
[2015-11-22 02:58:15] EDIT finalflight/views/layout2.html: 0
[2015-11-22 02:58:26] EDIT finalflight/views/layout2.html: 0
[2015-11-22 02:58:33] EDIT finalflight/views/layout2.html: 0
[2015-11-22 02:59:08] EDIT finalflight/views/layout2.html: 0
[2015-11-22 03:01:05] EDIT finalflight/views/layout2.html: 0
[2015-11-22 03:01:26] EDIT finalflight/views/layout.html: 0
[2015-11-22 03:01:37] EDIT finalflight/views/layout.html: 0
[2015-11-22 03:02:45] EDIT finalflight/views/layout.html: 0
[2015-11-22 11:20:33] EDIT finalflight/controllers/default.py: 0
[2015-11-22 11:35:43] EDIT finalflight/static/js/forms.js: 0
[2015-11-22 11:41:01] EDIT finalflight/static/js/forms.js: 0
[2015-11-22 12:03:11] EDIT finalflight/views/default/search.html: 0
[2015-11-22 12:07:59] EDIT finalflight/views/default/passengers_details.html: 0
[2015-11-22 12:10:38] EDIT finalflight/views/default/passengers_details.html: 0
[2015-11-22 12:47:24] EDIT finalflight/views/default/viewbookings.html: -1
[2015-11-22 12:47:39] EDIT finalflight/views/default/viewbookings.html: 0
[2015-11-22 14:47:46] EDIT finalflight/controllers/default.py: 0
[2015-11-22 14:50:10] EDIT finalflight/views/default/view_feedback.html: 0
